<?xml version="1.0" encoding="UTF-8"?>
<!-- Generated by org.testng.reporters.JUnitXMLReporter -->
<testsuite ignored="0" hostname="DESKTOP-UB1RTVK" failures="0" tests="4" name="Ebay test suite" time="60.354" errors="0" timestamp="2021-10-29T07:46:04 CEST">
  <testcase classname="cz.alza.tests.SimpleTests" name="favouritesManagementTest" time="27.479"/>
  <testcase classname="cz.alza.tests.SimpleTests" name="loginTest" time="11.913"/>
  <testcase classname="cz.alza.tests.SimpleTests" name="priceOrderingTest" time="14.198"/>
  <testcase classname="cz.alza.tests.SimpleTests" name="simpleSearchTest" time="6.741"/>
</testsuite> <!-- Ebay test suite -->
