<?xml version="1.0" encoding="UTF-8"?>
<testng-results ignored="0" total="1" passed="1" failed="0" skipped="0">
  <reporter-output>
  </reporter-output>
  <suite started-at="2021-10-25T06:43:17 CEST" name="Surefire suite" finished-at="2021-10-25T06:43:31 CEST" duration-ms="14002">
    <groups>
    </groups>
    <test started-at="2021-10-25T06:43:17 CEST" name="Surefire test" finished-at="2021-10-25T06:43:31 CEST" duration-ms="14002">
      <class name="com.ebay.SimpleTests">
        <test-method signature="simpleSearchTest()[pri:0, instance:com.ebay.SimpleTests@4ae3c1cd]" started-at="2021-10-25T06:43:17 CEST" name="simpleSearchTest" finished-at="2021-10-25T06:43:31 CEST" duration-ms="13984" status="PASS">
          <reporter-output>
          </reporter-output>
        </test-method> <!-- simpleSearchTest -->
      </class> <!-- com.ebay.SimpleTests -->
    </test> <!-- Surefire test -->
  </suite> <!-- Surefire suite -->
</testng-results>
